
Model Information
---
Model#	Name	DataType	TreeLength	OrilnL	CorrectionType	AdjlnL	NoPar	AIC	DeltaAIC
Model[0]	RY	RY	3.93806	-11582.2	EMPIRICAL	-43607.2	3	87220.3	48902
Model[1]	RY+4dG	RY	3.93806	-8458.95	EMPIRICAL	-40483.9	4	80975.9	42657.6
Model[2]	JC	DNA	10.6518	-30069.4	NA	-30069.4	0	60138.8	21820.6
Model[3]	JC+4dG	DNA	11.819	-24103.1	NA	-24103.1	1	48208.2	9889.92
Model[4]	FEL	DNA	10.6545	-30148.5	NA	-30148.5	3	60303	21984.7
Model[5]	FEL+4dG	DNA	11.4843	-24309.2	NA	-24309.2	4	48626.5	10308.2
Model[6]	K2P	DNA	10.8658	-29079.9	NA	-29079.9	1	58161.8	19843.5
Model[7]	K2P+4dG	DNA	12.7795	-22962.6	NA	-22962.6	2	45929.3	7610.96
Model[8]	HKY	DNA	10.8826	-29172.1	NA	-29172.1	4	58352.2	20033.9
Model[9]	HKY+4dG	DNA	12.916	-23043	NA	-23043	5	46096	7777.68
Model[10]	REV	DNA	11.0618	-28764.1	NA	-28764.1	8	57544.2	19225.9
Model[11]	REV+4dG	DNA	17.3467	-22837.5	NA	-22837.5	9	45693	7374.68
Model[12]	EQU	AA	1.52136	-3421	EMPIRICAL	-19794.7	41	39671.5	1353.2
Model[13]	EQU+4dG	AA	2.71908	-3141.81	EMPIRICAL	-19515.6	42	39115.1	796.819
Model[14]	EQU+F	AA	1.53316	-3380.46	EMPIRICAL	-19754.2	60	39628.4	1310.12
Model[15]	EQU+F+4dG	AA	2.8444	-3102.72	EMPIRICAL	-19476.5	61	39074.9	756.631
Model[16]	BLOSUM62	AA	1.48756	-3070.22	EMPIRICAL	-19444	41	38969.9	651.633
Model[17]	BLOSUM62+4dG	AA	2.9112	-2804.28	EMPIRICAL	-19178	42	38440	121.756
Model[18]	BLOSUM62+F	AA	1.52776	-3124.09	EMPIRICAL	-19497.8	60	39115.7	797.363
Model[19]	BLOSUM62+F+4dG	AA	3.06563	-2852.72	EMPIRICAL	-19226.5	61	38574.9	256.632
Model[20]	DAY	AA	1.51019	-3003.3	EMPIRICAL	-19377	41	38836.1	517.795
Model[21]	DAY+4dG	AA	2.88359	-2752.47	EMPIRICAL	-19126.2	42	38336.4	18.1394
Model[22]	DAY+F	AA	1.56071	-3069.97	EMPIRICAL	-19443.7	60	39007.4	689.126
Model[23]	DAY+F+4dG	AA	2.91057	-2804.6	EMPIRICAL	-19178.3	61	38478.7	160.401
Model[24]	JTT	AA	1.54837	-2997.37	EMPIRICAL	-19371.1	41	38824.2	505.937
Model[25]	JTT+4dG	AA	2.51063	-2748.91	EMPIRICAL	-19122.7	42	38329.3	11.0157
Model[26]	JTT+F	AA	1.54903	-3057.48	EMPIRICAL	-19431.2	60	38982.4	664.149
Model[27]	JTT+F+4dG	AA	2.63245	-2800.23	EMPIRICAL	-19174	61	38469.9	151.649
Model[28]	LG	AA	1.51577	-3001.57	EMPIRICAL	-19375.3	41	38832.6	514.338
Model[29]	LG+4dG	AA	2.90237	-2743.4	EMPIRICAL	-19117.1	42	38318.3	0
Model[30]	LG+F	AA	1.57876	-3059.03	EMPIRICAL	-19432.8	60	38985.5	667.244
Model[31]	LG+F+4dG	AA	3.06017	-2788.95	EMPIRICAL	-19162.7	61	38447.4	129.093
Model[32]	VT	AA	1.5235	-3034.25	EMPIRICAL	-19408	41	38898	579.691
Model[33]	VT+4dG	AA	2.66152	-2778.62	EMPIRICAL	-19152.4	42	38388.7	70.4223
Model[34]	VT+F	AA	1.52945	-3092.69	EMPIRICAL	-19466.4	60	39052.9	734.568
Model[35]	VT+F+4dG	AA	2.84619	-2831.88	EMPIRICAL	-19205.6	61	38533.3	214.958
Model[36]	WAG	AA	1.51617	-3030.21	EMPIRICAL	-19403.9	41	38889.9	571.607
Model[37]	WAG+4dG	AA	2.9977	-2766.31	EMPIRICAL	-19140.1	42	38364.1	45.8153
Model[38]	WAG+F	AA	1.54097	-3103.42	EMPIRICAL	-19477.2	60	39074.3	756.021
Model[39]	WAG+F+4dG	AA	3.13786	-2831.52	EMPIRICAL	-19205.3	61	38532.5	214.228
Model[40]	cpREV	AA	1.46437	-3072.85	EMPIRICAL	-19446.6	41	38975.2	656.895
Model[41]	cpREV+4dG	AA	3.14435	-2784.38	EMPIRICAL	-19158.1	42	38400.2	81.9561
Model[42]	cpREV+F	AA	1.5437	-3130.44	EMPIRICAL	-19504.2	60	39128.4	810.066
Model[43]	cpREV+F+4dG	AA	3.45458	-2834.21	EMPIRICAL	-19208	61	38537.9	219.616
Model[44]	mtArt	AA	1.76693	-3203.01	EMPIRICAL	-19576.7	41	39235.5	917.205
Model[45]	mtArt+4dG	AA	3.96867	-2864.81	EMPIRICAL	-19238.6	42	38561.1	242.817
Model[46]	mtArt+F	AA	1.59081	-3147.33	EMPIRICAL	-19521.1	60	39162.1	843.845
Model[47]	mtArt+F+4dG	AA	3.73868	-2829.88	EMPIRICAL	-19203.6	61	38529.2	210.952
Model[48]	mtMam	AA	1.76892	-3310.19	EMPIRICAL	-19683.9	41	39449.9	1131.57
Model[49]	mtMam+4dG	AA	4.5552	-2971.13	EMPIRICAL	-19344.9	42	38773.7	455.451
Model[50]	mtMam+F	AA	1.65105	-3267.77	EMPIRICAL	-19641.5	60	39403	1084.72
Model[51]	mtMam+F+4dG	AA	3.89854	-2935.76	EMPIRICAL	-19309.5	61	38741	422.715
Model[52]	mtREV	AA	1.73842	-3192.04	EMPIRICAL	-19565.8	41	39213.6	895.267
Model[53]	mtREV+4dG	AA	3.46901	-2906.85	EMPIRICAL	-19280.6	42	38645.2	326.884
Model[54]	mtREV+F	AA	1.56438	-3150.54	EMPIRICAL	-19524.3	60	39168.6	850.262
Model[55]	mtREV+F+4dG	AA	3.68004	-2866.52	EMPIRICAL	-19240.3	61	38602.5	284.224