
Model Information
---
Model#	Name	DataType	TreeLength	OrilnL	CorrectionType	AdjlnL	NoPar	AIC	DeltaAIC
Model[0]	RY	RY	2.08805	-8270.19	EMPIRICAL	-23969.2	3	47944.4	20856.3
Model[1]	RY+4dG	RY	2.08805	-7462.21	EMPIRICAL	-23161.2	4	46330.4	19242.4
Model[2]	JC	DNA	4.46203	-18245.1	NA	-18245.1	0	36490.3	9402.22
Model[3]	JC+4dG	DNA	6.0652	-16618.1	NA	-16618.1	1	33238.2	6150.14
Model[4]	FEL	DNA	4.47127	-18216.8	NA	-18216.8	3	36439.6	9351.52
Model[5]	FEL+4dG	DNA	6.73514	-16573	NA	-16573	4	33153.9	6065.9
Model[6]	K2P	DNA	4.50478	-18020.1	NA	-18020.1	1	36042.2	8954.17
Model[7]	K2P+4dG	DNA	7.16187	-16328	NA	-16328	2	32660	5571.97
Model[8]	HKY	DNA	4.51269	-17990.4	NA	-17990.4	4	35988.7	8900.66
Model[9]	HKY+4dG	DNA	7.2053	-16282.1	NA	-16282.1	5	32574.2	5486.16
Model[10]	REV	DNA	4.52713	-17855.4	NA	-17855.4	8	35726.9	8638.82
Model[11]	REV+4dG	DNA	6.86117	-16236.9	NA	-16236.9	9	32491.8	5403.79
Model[12]	EQU	AA	2.66213	-6769.43	EMPIRICAL	-14449.5	41	28981.1	1893.04
Model[13]	EQU+4dG	AA	2.80572	-6566.75	EMPIRICAL	-14246.9	42	28577.7	1489.69
Model[14]	EQU+F	AA	2.67387	-6658.16	EMPIRICAL	-14338.3	60	28796.6	1708.52
Model[15]	EQU+F+4dG	AA	3.11032	-6445	EMPIRICAL	-14125.1	61	28372.2	1284.19
Model[16]	BLOSUM62	AA	2.6623	-6105.86	EMPIRICAL	-13786	41	27654	565.92
Model[17]	BLOSUM62+4dG	AA	3.04316	-5923.84	EMPIRICAL	-13604	42	27291.9	203.866
Model[18]	BLOSUM62+F	AA	2.71738	-6099.39	EMPIRICAL	-13779.5	60	27679	590.971
Model[19]	BLOSUM62+F+4dG	AA	3.10112	-5918.75	EMPIRICAL	-13598.9	61	27319.7	231.697
Model[20]	DAY	AA	2.70071	-6152.96	EMPIRICAL	-13833.1	41	27748.2	660.114
Model[21]	DAY+4dG	AA	3.39906	-5929.46	EMPIRICAL	-13609.6	42	27303.2	215.117
Model[22]	DAY+F	AA	2.85497	-6125.25	EMPIRICAL	-13805.4	60	27730.7	642.7
Model[23]	DAY+F+4dG	AA	3.5629	-5901.6	EMPIRICAL	-13581.7	61	27285.4	197.401
Model[24]	HIVb	AA	2.9641	-6398.65	EMPIRICAL	-14078.8	41	28239.5	1151.5
Model[25]	HIVb+4dG	AA	4.08754	-6097.5	EMPIRICAL	-13777.6	42	27639.2	551.198
Model[26]	HIVb+F	AA	3.07143	-6360.23	EMPIRICAL	-14040.3	60	28200.7	1112.65
Model[27]	HIVb+F+4dG	AA	4.21739	-6062.94	EMPIRICAL	-13743.1	61	27608.1	520.067
Model[28]	HIVw	AA	2.95557	-6683.4	EMPIRICAL	-14363.5	41	28809	1720.99
Model[29]	HIVw+4dG	AA	4.04076	-6361.08	EMPIRICAL	-14041.2	42	28166.4	1078.35
Model[30]	HIVw+F	AA	3.09809	-6600.35	EMPIRICAL	-14280.5	60	28680.9	1592.89
Model[31]	HIVw+F+4dG	AA	4.2598	-6280.63	EMPIRICAL	-13960.8	61	28043.5	955.459
Model[32]	JTT	AA	2.74008	-6083.89	EMPIRICAL	-13764	41	27610	521.977
Model[33]	JTT+4dG	AA	3.36906	-5877.54	EMPIRICAL	-13557.7	42	27199.3	111.277
Model[34]	JTT+F	AA	2.79036	-6083.23	EMPIRICAL	-13763.3	60	27646.7	558.643
Model[35]	JTT+F+4dG	AA	3.41255	-5877.44	EMPIRICAL	-13557.6	61	27237.1	149.067
Model[36]	LG	AA	2.78147	-6021.22	EMPIRICAL	-13701.3	41	27484.7	396.627
Model[37]	LG+4dG	AA	3.38468	-5821.9	EMPIRICAL	-13502	42	27088	0
Model[38]	LG+F	AA	2.83215	-6001.77	EMPIRICAL	-13681.9	60	27483.8	395.743
Model[39]	LG+F+4dG	AA	3.34941	-5805.63	EMPIRICAL	-13485.8	61	27093.5	5.45773
Model[40]	VT	AA	2.69511	-6066.82	EMPIRICAL	-13746.9	41	27575.9	487.839
Model[41]	VT+4dG	AA	3.12765	-5882.82	EMPIRICAL	-13562.9	42	27209.9	121.84
Model[42]	VT+F	AA	2.71163	-6055.49	EMPIRICAL	-13735.6	60	27591.2	503.175
Model[43]	VT+F+4dG	AA	3.12253	-5873.49	EMPIRICAL	-13553.6	61	27229.2	141.182
Model[44]	WAG	AA	2.68884	-6057.49	EMPIRICAL	-13737.6	41	27557.2	469.163
Model[45]	WAG+4dG	AA	3.20099	-5863.08	EMPIRICAL	-13543.2	42	27170.4	82.3537
Model[46]	WAG+F	AA	2.74111	-6046.09	EMPIRICAL	-13726.2	60	27572.4	484.383
Model[47]	WAG+F+4dG	AA	3.2394	-5853.33	EMPIRICAL	-13533.5	61	27188.9	100.859
Model[48]	cpREV	AA	2.73383	-6146.1	EMPIRICAL	-13826.2	41	27734.4	646.394
Model[49]	cpREV+4dG	AA	3.31862	-5932.76	EMPIRICAL	-13612.9	42	27309.8	221.716
Model[50]	cpREV+F	AA	2.7861	-6118.12	EMPIRICAL	-13798.2	60	27716.5	628.44
Model[51]	cpREV+F+4dG	AA	3.40886	-5901.9	EMPIRICAL	-13582	61	27286	197.998
Model[52]	mtArt	AA	3.57371	-6497.76	EMPIRICAL	-14177.9	41	28437.8	1349.71
Model[53]	mtArt+4dG	AA	5.53628	-6148.57	EMPIRICAL	-13828.7	42	27741.4	653.324
Model[54]	mtArt+F	AA	3.12526	-6263.01	EMPIRICAL	-13943.1	60	28006.3	918.212
Model[55]	mtArt+F+4dG	AA	4.47481	-5971.1	EMPIRICAL	-13651.2	61	27424.4	336.384
Model[56]	mtMam	AA	3.57624	-6730.26	EMPIRICAL	-14410.4	41	28902.8	1814.71
Model[57]	mtMam+4dG	AA	5.76133	-6339.47	EMPIRICAL	-14019.6	42	28123.2	1035.12
Model[58]	mtMam+F	AA	3.37874	-6495.82	EMPIRICAL	-14175.9	60	28471.9	1383.84
Model[59]	mtMam+F+4dG	AA	5.0459	-6148.14	EMPIRICAL	-13828.3	61	27778.5	690.467
Model[60]	mtREV	AA	3.22291	-6433.49	EMPIRICAL	-14113.6	41	28309.2	1221.16
Model[61]	mtREV+4dG	AA	4.34922	-6176.87	EMPIRICAL	-13857	42	27798	709.926
Model[62]	mtREV+F	AA	2.93786	-6217.67	EMPIRICAL	-13897.8	60	27915.6	827.531
Model[63]	mtREV+F+4dG	AA	3.9111	-5977.21	EMPIRICAL	-13657.3	61	27436.7	348.618
Model[64]	rtREV	AA	2.70708	-6085.73	EMPIRICAL	-13765.9	41	27613.7	525.656
Model[65]	rtREV+4dG	AA	3.22178	-5886.99	EMPIRICAL	-13567.1	42	27218.2	130.169
Model[66]	rtREV+F	AA	2.83459	-6017.93	EMPIRICAL	-13698.1	60	27516.1	428.06
Model[67]	rtREV+F+4dG	AA	3.37524	-5821.19	EMPIRICAL	-13501.3	61	27124.6	36.5812
Model[68]	CodonM0.0.EQU	CodonReduced	22.1348	-15238	NA	-15238	2	30479.9	3391.87
Model[69]	CodonM0.0.EQU+4dG	CodonReduced	39.1756	-14964.2	NA	-14964.2	3	29934.5	2846.42
Model[70]	CodonM0.0.F1X4	CodonReduced	21.369	-15217.7	NA	-15217.7	6	30447.5	3359.44
Model[71]	CodonM0.0.F1X4+4dG	CodonReduced	38.7795	-14940.7	NA	-14940.7	7	29895.4	2807.31
Model[72]	CodonM0.0.F3X4	CodonReduced	31.1043	-15170.7	NA	-15170.7	11	30363.3	3275.28
Model[73]	CodonM0.0.F3X4+4dG	CodonReduced	40.3116	-14889.7	NA	-14889.7	12	29803.4	2715.33
Model[74]	CodonM0.0.F64	CodonReduced	29.2535	-14838.2	NA	-14838.2	63	29802.3	2714.28
Model[75]	CodonM0.0.F64+4dG	CodonReduced	39.3816	-14636.7	NA	-14636.7	64	29401.4	2313.33